Arguments: 
  /Users/ruakgo9/.nvm/versions/node/v12.22.0/bin/node /Users/ruakgo9/.nvm/versions/node/v12.22.0/bin/yarnpkg install

PATH: 
  /Users/ruakgo9/.nvm/versions/node/v12.22.0/bin:/usr/local/bin:/usr/bin:/bin:/usr/sbin:/sbin:/usr/local/munki:/Users/ruakgo9/.nvm/versions/node/v12.22.0/bin

Yarn version: 
  1.22.10

Node version: 
  12.22.0

Platform: 
  darwin x64

Trace: 
  Error: getaddrinfo ENOTFOUND artifactory.raiffeisen.ru
      at GetAddrInfoReqWrap.onlookup [as oncomplete] (dns.js:66:26)

npm manifest: 
  {
    "name": "mobile-dive-logbook",
    "version": "1.0.0",
    "main": "node_modules/expo/AppEntry.js",
    "scripts": {
      "start": "expo start",
      "android": "expo start --android",
      "ios": "expo start --ios",
      "web": "expo start --web",
      "eject": "expo eject"
    },
    "dependencies": {
      "expo": "~43.0.2",
      "expo-status-bar": "~1.1.0",
      "react": "17.0.1",
      "react-dom": "17.0.1",
      "react-native": "0.64.3",
      "react-native-web": "0.17.1"
    },
    "devDependencies": {
      "@babel/core": "^7.12.9",
      "@types/react": "~17.0.21",
      "@types/react-native": "~0.64.12",
      "typescript": "~4.3.5"
    },
    "private": true
  }

yarn manifest: 
  No manifest

Lockfile: 
  No lockfile
